		- encodeSignalEvent:value:agentMask:
		- supportsMirrorClampToEdgeSamplerMode
		- latestSupportedGenericBVHVersion
		- hashMask
		- internalFeaturesMaskValue
		- maskingStyle
		- setMaskingStyle:
		- _subtitleFormatDescriptionMatchesTextDisplayFlags:flagsMask:
		- _sharedGesturesEnabledChangedForStream:
		- displayCornerMasks
		- setDisplayCornerMasks:
		- displayCornerMasks
		- setDisplayCornerMasks:
		- displayCornerMasks
		- setDisplayCornerMasks:
		- displayCornerMasks
		- setDisplayCornerMasks:
		- cornerMasks
		- initWithViewArea:transitionControl:supportsFocusTransfer:statusBarEdge:safeArea:
		- statusBarEdge
		- _maskLayer
		- _addAnimationsForMaskLayer:forKey:
		- _getMaskLayer:videoLayer:subtitleLayer:closedCaptionLayer:interstitialLayer:
		- _mergeClientLayersIntoMaskLayer:
		- _restoreClientLayers:intoMaskLayer:
		- edgeWidths
		- _menuItem:atIndex:didChangeKeyEquivalentModifierMaskFrom:to:
		- initWithContentRect:styleMask:backing:defer:
		- initWithContentRect:styleMask:backing:defer:
		- contentsMask
		- setContentsMask:
		- predicateEventTypeMask
		- validMask
		- pointerEdgeMask
		- setPointerEdgeMask:
		- setValidMask:
		- setOcclusionMask:
		- occlusionMask
		- knowledgeStore
[*] BMAskToBuyEvent
[*] BMAskToBuyStream
		- knowledgeStore
		- saveKnowledgeEvent:error:
		- initWithKnowledgeStore:clientContext:identifier:
[*] BMDeviceEdgeSelection
[*] BMKnowledgeContextMapping
[*] BMKnowledgeContextPublisher
[*] BMLighthouseLedgerDediscoPrivacyEvent
[*] BMLighthouseLedgerDediscoPrivacyEventEventState
[*] BMLighthouseLedgerLighthousePluginEvent
[*] BMLighthouseLedgerLighthousePluginEventEventStatus
[*] BMLighthouseLedgerMlruntimedEvent
[*] BMLighthouseLedgerMlruntimedEventScheduleStatus
[*] BMLighthouseLedgerMlruntimedEventTaskEvent
[*] BMLighthouseLedgerTrialIdentifiers
[*] BMLighthouseLedgerTrialIdentifiersBMLTIdentifiers
[*] BMLighthouseLedgerTrialIdentifiersExperimentIdentifiers
[*] BMLighthouseLedgerTrialdEvent
[*] BMPBPhotosKnowledgeGraphEnrichmentEntity
[*] BMPBPhotosKnowledgeGraphEnrichmentEvent
[*] BMPBPhotosKnowledgeGraphEnrichmentLocation
[*] BMPBPhotosKnowledgeGraphEnrichmentTopic
[*] BMPhotosKnowledgeGraphEnrichmentEntity
[*] BMPhotosKnowledgeGraphEnrichmentEvent
[*] BMPhotosKnowledgeGraphEnrichmentLocation
[*] BMPhotosKnowledgeGraphEnrichmentStream
[*] BMPhotosKnowledgeGraphEnrichmentTopic
[*] BMProactiveHarvestingPhotosKnowledgeGraphEnrichment
[*] BMProactiveHarvestingPhotosKnowledgeGraphEnrichmentEntity
[*] BMProactiveHarvestingPhotosKnowledgeGraphEnrichmentLocation
[*] BMProactiveHarvestingPhotosKnowledgeGraphEnrichmentTopic
[*] BPSKnowledgeStorePublisher
		- initWithEventQuery:knowledgeStore:
		- acknowledgeDownstreamDemand
		- getLoginItemsWithTypeMask:reply:
		- initWithTypeMask:delegate:
		- typeMask
		- activeDeviceMask
		- setActiveDeviceMask:
		- lightSourceMaskOutput
		- semanticMasksOutput
		- enabledSemanticMaskTypes
		- lightSourceMaskOutputEnabled
		- semanticMasksOutputEnabled
		- setEnabledSemanticMaskTypes:
		- setLightSourceMaskOutputEnabled:
		- setSemanticMasksOutputEnabled:
		- alignsMaskWithPrimaryCaptureRect
		- setAlignsMaskWithPrimaryCaptureRect:
		- _personMaskEncodingNeededForSettings:encodingScheme:deferredPhotoProxy:adjustedPhoto:
		- filtersForSemanticStyle:sceneType:personSegmentationEnabled:maskVisualizationEnabled:applyStyleBackgroundToEntireFrame:filtersToCombine:
		- _asynchronouslyLearnWithContainer:inputUnstyledSampleBuffer:withUnrefinedMasks:withStats:styleToLearn:shouldBypass:
		- _blitMasksToOutputPools:unstyledSampleBuffer:currentPTS:
		- _extractANSTMasks:forPTS:
		- _findCorrespondingSmartStyleContainerWithMasks:outputSmartStyleContainer:
		- _undistortMasks:unstyledSampleBuffer:currentPTS:useIntermediatePools:
		- initWithOutputs:masksRefinerEnabled:propagateMasks:
		- processMaskSampleBuffer:
		- activeDeviceMask
		- greenGhostMitigationLowLightExceedsMaxMaskAverage
		- greenGhostMitigationLowLightMaskAverage
		- setActiveDeviceMask:
		- setGreenGhostMitigationLowLightExceedsMaxMaskAverage:
		- setGreenGhostMitigationLowLightMaskAverage:
		- numberOfFacesAtEdge
		- setNumberOfFacesAtEdge:
		- timeOfFlightCameraUsageTypeMask
		- activeDeviceMask
		- setActiveDeviceMask:
		- setTimeOfFlightCameraProjectorModeMask:
		- setTimeOfFlightCameraUsageTypeMask:
		- timeOfFlightCameraProjectorModeMask
		- initWithSensorIDDict:stabilizationMethod:stabilizationType:ispProcessingSession:maxSupportedFrameRate:activeMaxFrameRate:gpuPriority:metalSubmissionAndCompletionQueuePriority:motionAttachmentsSource:fillExtendedRowsOfOutputBuffer:overCaptureEnabled:stereoMode:videoStabilizationOverscanOverride:videoStabilizationStrength:zoomSmoothingEnabled:applyFrameCropOffset:motionMetadataPreloadingEnabled:visExecutionMode:livePhotoCleanOutputRect:cameraInfoByPortType:cvisExtendedLookAheadDuration:distortionCorrectionEnabledPortTypes:distortionCompensationEnabledPortTypes:minDistanceForBravoParallaxShift:lightSourceMaskAndKeypointDescriptorDataEnabled:attachStabilizedOutputCameraTrajectory:
		- deviceMask
		- setDeviceMask:
[*] BiomeLibrary._BMIPBridgeZeoliteLedgerLibraryNode
		- BluetoothHCIBroadcomSetEventMask:
		- BroadcomHCILEAddAdvancedMatchingRule:mask:RSSIThreshold:packetType:matchingCapacity:matchingRemaining:
		- BroadcomHCILEAddAdvancedMatchingRuleWithAddress:address:blob:mask:RSSIThreshold:packetType:matchingCapacity:matchingRemaining:
		- BroadcomHCILEAddAdvancedMatchingRuleWithAddressEnhanced:address:blob:mask:RSSIThreshold:packetType:allowDuplicates:matchingCapacity:matchingRemaining:
		- BroadcomHCILERemoveAdvancedMatchingRule:mask:RSSIThreshold:packetType:matchingCapacity:matchingRemaining:
		- BroadcomHCILERemoveAdvancedMatchingRuleWithAddress:address:blob:mask:RSSIThreshold:packetType:matchingCapacity:matchingRemaining:
		- BroadcomHCILERemoveAdvancedMatchingRuleWithAddressEnhanced:address:blob:mask:RSSIThreshold:packetType:allowDuplicates:matchingCapacity:matchingRemaining:
		- setDisplayMask:
		- displayMask
		- eventMask
		- setEventMask:
		- clearUpdateMask
		- setUpdateMask:
		- updateMask
		- autoresizingMask
		- disableUpdateMask
		- mask
		- masksToBounds
		- setAllowsEdgeAntialiasing:
		- setAutoresizingMask:
		- setDisableUpdateMask:
		- setEdgeAntialiasingMask:
		- setMask:
		- setMaskedCorners:
		- setMasksToBounds:
		- setInvertsMask:
		- allowsEdgeAntialiasing
		- cornerContentsMasksEdges
		- edgeAntialiasingMask
		- invertsMask
		- maskedCorners
		- setCornerContentsMasksEdges:
[*] CALinearMaskLayer
		- drawInLinearMaskContext:
		- replicatesEdges
		- replicatesEdges
		- setReplicatesEdges:
		- copyCGLPixelFormatForDisplayMask:
		- resetBitMask
		- setAppleExtendedFeatureBitMask:
		- appleExtendedFeatureBitMask
		- appleFeatureBitMask
		- setAppleFeatureBitMask:
		- deviceFlagsMask
		- setDeviceFlagsMask:
		- maskData
		- setMaskData:
		- fadeEdges
		- setFadeEdges:
		- drawEdge:withPath:
		- drawEdgesFirst
		- hyperlinkEdge:from:to:
		- setDrawEdgesFirst:
[*] CIBlendWithAlphaMask
		- _maskFillColorValue
[*] CIBlendWithBlueMask
		- _maskFillColorValue
[*] CIBlendWithMask
		- _maskFillColorValue
		- inputMaskImage
		- setInputMaskImage:
[*] CIBlendWithRedMask
		- _maskFillColorValue
[*] CICannyEdgeDetector
[*] CICircularMaskFromPointImage
[*] CIColorCubesMixedWithMask
		- inputMaskImage
		- setInputMaskImage:
		- faceMaskApply:blurMap:
		- faceMaskDelta:extent:parameters:distanceToAdd:
		- faceMaskParams:useNormalizedCoords:
		- needToRunFaceMask
[*] CIDisintegrateWithMaskTransition
		- inputMaskImage
		- setInputMaskImage:
[*] CIEdgePreserveUpsampleFilter
[*] CIEdgePreserveUpsampleRGFilter
[*] CIEdgeWork
		- _CIEdgeWork
		- _CIEdgeWorkContrast
[*] CIEdges
		- _CIEdges
[*] CIFaceMaskApply
[*] CIFaceMaskCalculator
[*] CIFaceMaskDelta
[*] CIFaceMaskKernel
		+ blendWithAlphaMaskFilter
		+ blendWithBlueMaskFilter
		+ blendWithMaskFilter
		+ blendWithRedMaskFilter
		+ cannyEdgeDetectorFilter
		+ colorCubesMixedWithMaskFilter
		+ disintegrateWithMaskTransitionFilter
		+ edgePreserveUpsampleFilter
		+ edgeWorkFilter
		+ edgesFilter
		+ heightFieldFromMaskFilter
		+ maskToAlphaFilter
		+ maskedVariableBlurFilter
		+ unsharpMaskFilter
[*] CIHeightFieldFromMask
		- _CISobelEdges
[*] CIMaskToAlpha
[*] CIMaskedVariableBlur
		- inputMask
		- setInputMask:
		- inputEyeProtectionPersonMaskSmoothStepMax
		- inputEyeProtectionPersonMaskSmoothStepMin
		- inputFaceMaskDeltaImage
		- setInputEyeProtectionPersonMaskSmoothStepMax:
		- setInputEyeProtectionPersonMaskSmoothStepMin:
		- setInputFaceMaskDeltaImage:
		- _kernelClusterMask
[*] CIProSharpenEdges
		- _CIEdgesPrep
		- _CIFindEdges
		- _CISharpenCombineEdges
		+ descriptorWithPayload:symbolVersion:maskPattern:errorCorrectionLevel:
		- initWithPayload:symbolVersion:maskPattern:errorCorrectionLevel:
		- maskPattern
		- inputScleraMask
		- inputIrisMask
		- inputMinMaskDiff
		- inputShowMask
		- inputSkinMask
		- inputUseFaceSegmentationMask
		- irisProtectionMaskWithThresholdIris:thresholdSclera:thresholdSkin:
		- setInputIrisMask:
		- setInputMinMaskDiff:
		- setInputScleraMask:
		- setInputShowMask:
		- setInputSkinMask:
		- setInputUseFaceSegmentationMask:
		- skinProtectionMaskWithThreshold:
		- averageValueFromY:withinSkinMask:butOutsideAlpha:
		- distanceMaskFromPolyToCb:Cr:
		- extractAndGatherProminencesWithRect:face:faceIndex:left:maxwindowsize:repairsize:returningRedHopper:whiteHopper:redChannel:redChannelMask:
		- analyzeMask:usingConvexHull:producingOptimizedMask:
		- edgePoint:withBitmap:center:perp:
		- prepareMasksWithConvexHull:
		- updatedCheckpoint:withCheckpoint:checkpointIndex:angle:width:height:inChannel:threadIndex:returningEdgeWidth:
[*] CIUnsharpMask
		+ applyEdges:toGraph:
		+ getEdgeFilesFromDirectory:
		+ getSafeEdges
		+ getUnsafeEdges
		+ getUnvettedEdges
		+ isEdgeKnownToCauseCycle:
		+ persistEdgeFrom:to:
		+ readEdges:
		+ writeEdge:toDirectory:
		- definitionMask
		- isAuthorizedForServiceTypeMask:
		- authorizationContextByANDingServiceMaskTuple:
		- diagnosticMask
		- effectiveServiceMask
		- initWithInUseLevel:registrationResult:transientAwareRegistrationResult:serviceMaskTuple:diagnosticMask:authorizedForWidgetUpdates:
		- isNonProvisionallyAuthorizedForServiceTypeMask:
		- provisionalServiceMask
		- staticServiceMask
[*] CLConditionLedger
		- deleteLedgerFile
		- ledgerFile
		- ledgerName
		- ledgerVersionNumber
		- setLedgerForType:domain:monitor:client:path:
		- setLedgerVersionNumber:
		- forceSurfaceStagedDetections:deviceType:detailsBitmask:
		- stageTADetection:deviceType:detailsBitmask:
		- registerCircularInterestZoneWithId:latitude:longitude:radius:serviceMaskOperator:provenanceType:forBundleId:orBundlePath:error:
		- registerPhenolicInterestZoneWithId:phenolicLocation:serviceMaskOperator:provenanceType:forBundleId:orBundlePath:error:
		- monitorLedgerAccessKey
		- setMonitorLedgerAccessKey:
		- initWithLedgerName:path:onSilo:authIdentity:locationManager:handler:
		- diagnosticMask
		- updateDiagnosticMask:
		- setInputPersonMaskTexture:
		- setInputPersonMaskTextureMappedRegion:
		- setInputSkinMaskTexture:
		- setInputSkinMaskTextureMappedRegion:
		- setInputSkyMaskTexture:
		- setInputSkyMaskTextureMappedRegion:
		- logicalImageToInputSkyMaskScale
		- inputSkyMaskTextureMappedRegion
		- _calculateHistogramStatsWithImageTexture:linearImageTexture:personMaskTexture:skinMaskTexture:
		- _processSegmentationMasks
		- inputPersonMaskTexture
		- inputPersonMaskTextureMappedRegion
		- inputSkinMaskTexture
		- inputSkinMaskTextureMappedRegion
		- inputSkyMaskTexture
		- logicalImageToInputPersonMaskScale
		- logicalImageToInputSkinMaskScale
		- setLogicalImageToInputPersonMaskScale:
		- setLogicalImageToInputSkinMaskScale:
		- setLogicalImageToInputSkyMaskScale:
		- inputPersonMaskPixelBuffer
		- inputSkinMaskPixelBuffer
		- inputSkyMaskPixelBuffer
		- setInputPersonMaskCropRect:
		- setInputPersonMaskPixelBuffer:
		- setInputSkinMaskCropRect:
		- setInputSkinMaskPixelBuffer:
		- setInputSkyMaskCropRect:
		- setInputSkyMaskPixelBuffer:
		- inputPersonMaskCropRect
		- inputSkinMaskCropRect
		- inputSkyMaskCropRect
		- setInputMaskPixelBuffer:
		- inputMaskPixelBuffer
		- anstMasksMatchingTimeInSecondsThreshold
		- setAnstMasksMatchingTimeInSecondsThreshold:
		- inputSpotlightTextureBottomEdge
		- inputLearningModulationMaskTexture
		- inputSpotlightTextureLeftEdge
		- inputSpotlightTextureRightEdge
		- inputSpotlightTextureTopEdge
		- modulationMaskOffset
		- modulationMaskStrength
		- setInputLearningModulationMaskTexture:
		- setInputSpotlightTextureBottomEdge:
		- setInputSpotlightTextureLeftEdge:
		- setInputSpotlightTextureRightEdge:
		- setInputSpotlightTextureTopEdge:
		- setModulationMaskOffset:
		- setModulationMaskStrength:
		- outputSpotlightTextureRightEdge
		- outputSpotlightTextureBottomEdge
		- outputSpotlightTextureLeftEdge
		- outputSpotlightTextureTopEdge
		- setOutputSpotlightTextureBottomEdge:
		- setOutputSpotlightTextureLeftEdge:
		- setOutputSpotlightTextureRightEdge:
		- setOutputSpotlightTextureTopEdge:
		- inputLearningModulationMaskTexture
		- setInputLearningModulationMaskTexture:
		- _runSubjectRelighting:rgba:luma:chroma:skinMask:personMask:instanceMasks:instanceMaskConfidences:expBias:exifOrientation:srlV2Plist:faceDataFromANST:toneMap:ltmChroma:gammaCurve:numFacesISPDetected:isChromaGainAdjusted:inputIsLinear:chromaBias:blackPoint:playBackCurve:
		- runSRLForLivePhotosWithInputBuffer:skinMask:personMask:instanceMasks:instanceMaskConfidences:skinToneClassification:expBias:exifOrientation:srlV2Plist:faceDataFromANST:
		- runSubjectRelightingVersion:toneMap:luma:chroma:ltmChroma:skinMask:personMask:instanceMask0:instanceMask1:instanceMask2:instanceMask3:gammaCurve:instanceMaskConfidences:skinToneClassification:expBias:exifOrientation:numFacesISPDetected:faceBoundingBoxesFromISP:isChromaGainAdjusted:inputIsLinear:chromaBias:srlV2Plist:mstmParams:mstmSRLParams:blackPoint:playBackCurve:
		- findWordEdgeClusters
		- getWordEdges
		- addEdgeIndex:
		- edgeIndexAtPosition:
		- edgeIndexCount
		- imageByApplyingBinaryMask:
		- hasIntersectingEdges
		- imageByApplyingBinaryMask:
[*] CRLatticeEdge
		- edgeIndex
		- edges
		- initWithEdgeIndexes:lex:cnn:ngram:geom:pattern:total:
		- graphEdges
		- buildTextFeaturesFromRectForest:byEdge:options:
		- setTopBottomEdgesQuad:
		- topBottomEdgesQuad
		+ shouldEdgeIntersectionFilterQuad:originalQuad:imageSize:
		- searchableIndex:reindexAllSearchableItemsWithAcknowledgementHandler:
		- searchableIndex:reindexSearchableItemsWithIdentifiers:acknowledgementHandler:
		- index:reindexSearchableItemsWithIdentifiers:acknowledgementHandler:
		- reindexAllSearchableItemsForIndex:acknowledgementHandler:
		- setUpdatedItemsMask:
		- updatedItemsMask
		- fuzzyMask
		- setFuzzyMask:
		- performIndexJob:protectionClass:acknowledgementHandler:
		- inputTextIDMaskTensorName
		- inputTokenEmbeddingMaskTensorName
		- outputTokenEmbeddingMaskTensorName
		- initWithTokenEmbeddingIDs:tokenEmbeddingMask:clipTextEmbedding:
		- tokenEmbeddingMask
		- inputMask
		- copyInputContextIDs:EncoderFeatures:KVCache:MaskPosition:
		- nextTokensForInputs:KVCache:AndforMaskPosition:
		- nextTokensForInputs:AndforMaskPosition:
		- nextTokensForInputs:AndforMaskPosition:
[*] CSUKnowledgeEntity
[*] CSUKnowledgeEntityStore
[*] CSUSearchableKnowledgeDBObject
[*] CSUSearchableKnowledgeObject
[*] CSUSearchableKnowledgeObjectStore
		- inputTokenEmbeddingMaskTensorName
		- setInputTokenEmbeddingMaskTensorName:
		- inputTokenEmbeddingMaskTensorName
		- setInputTokenEmbeddingMaskTensorName:
		- setShouldReturnMask:
		- shouldReturnMask
		- initWithLastHiddenLayer:PooledCLIPEmbedding:MaskIndices:
		- maskIndices
		- setWirelessTechnologyMask:
		- wirelessTechnologyMask
		- dataBearerSoMask
		- setDataBearerSoMask:
		- tosMask
		- setTosMask:
		- maskLen
		- setMaskLen:
		- acknowledgeIncomingMessageWithId:
		- acknowledgeOutgoingMessageWithId:
		- initWithSASwitchVisible:saSwitchConfigurable:saDisabledByBaseband:saDisabledReasonMask:nsaDisabledByBaseband:nsaDisabledReasonMask:
		- nsaDisabledReasonMask
		- saDisabledReasonMask
		- setNsaDisabledReasonMask:
		- setSaDisabledReasonMask:
		- mask
		- setMask:
		- connectionMask
		- setConnectionMask:
		- bandMasks
		- initWithBandMasks:
[*] CTXPCSetRatSelectionMaskRequest
		- _setDeviceFlags:mask:deviceID:completion:
		- setDeviceFlags:mask:deviceID:completion:
		- _kernelInvertMask
		- _kernelMultiplyByMask
		- _kernelInvertMask
		- _kernelMultiplyByMask
[*] CUIMaskedFacetLayer
		- maskPath
		- setMaskPath:
		- alignmentEdgeInsets
		- edgeInsets
		- setEdgeInsets:
		- alignmentEdgeInsets
		- edgeInsets
		- setAlignmentEdgeInsets:
		- edgeDefinitionTextureWithBufferAllocator:
		- edgeDefinitionTextureWithBufferAllocator:
		- maskShape
		- _kernelColorizeWithImageMask
		- _kernelWithImageMask
		- _createOrderedStops:midpoints:fromStops:midpoints:edgePixel:
		- hasEdgePixel
		- _createMaskFromSlice:atAbsoluteIndex:
		- maskFromCompositeAlphaChannel:
		- maskFromSlice:atLayer:
		- metricsInMask:forRect:
		- _createMaskFromAlphaChannel:
		- hasLayerMask
		- hasVectorMask
		- layerMaskRef
		- vectorMaskRef
[*] CUIPSDLayerMaskRef
		- createCGImageMask
		- initLayerMaskWithLayerRef:
		- initVectorMaskWithLayerRef:
		- maskFromSlice:
		- setEdgeInsets:
		- edgeInsets
		- initWithEdgeInsets:
		- sanitizeEdgeInsets
		- edgesOnly
		- maskForSliceIndex:
		- edgesOnly
		- edgeBottomLeftMargin
		- edgeRect
		- edgeTopRightMargin
		- hasAlignmentEdgeMargins
		- edgeInsets
		+ imageFromBlendWithMask:foreground:background:
		+ unsharpMask:radius:intensity:
		- drawProcessedMask:atBounds:inContext:withScale:
		- newGlyphMaskContextForBounds:fromContext:withScale:
		- maskForSlice:withKeyAdjustment:
		- drawMaskInFrame:alpha:isFocused:focusRingColor:keyAdjustment:context:
		- drawMaskInFrame:alpha:operation:isFocused:focusRingColor:keyAdjustment:context:
		- drawMaskInFrame:alpha:owner:userInfo:context:
		- drawMaskInFrame:owner:userInfo:context:
		- maskWithSize:keyAdjustment:
		- edgesOnly
		- maskForSliceIndex:
		- edgeInsets:
		- createSublayerMaskUsingScaleFactor:targetSize:maskColor:
		- maskInput
		- setMaskInput:
		- acknowledge
		- setAcknowledge:
		- acknowledgementTimeout
		- setAcknowledgementTimeout:
		- IPv4SubnetMasks
		- IPv4SubnetMasks
		- IPv4SubnetMasks
		- IPv4SubnetMasks
		- __acknowledgeEventWithUUID:
		- receivedAcknowledgedXPCEvent:reply:
		- queryIPv4SubnetMasksWithRequestParams:reply:
		- acknowledgementTimeout
		- setAcknowledgementTimeout:
		- __getIPv4SubnetMasks:
		- getRatSelectionMask:error:
		- setRatSelectionMask:selection:preferred:
		- contentMask
		- drawEdge:withPath:
		- drawEdgesFirst
		- setDrawEdgesFirst:
		- effectiveFilesystemMask
		- explicitFilesystemMask
		- setEffectiveFilesystemMask:
		- setExplicitFilesystemMask:
		- largestEdgeOffset
		- largestEdgeOffset
		- isVideoGreenGhostMitigationUsesLightSourceMaskAndKeypointDescriptorData
[*] GEOComposedGeometryRoute
[*] GEOComposedGeometryRoutePersistentData
		- initWithComposedRoute:aggregatedGEOSteps:stepIndex:pointRange:maneuverPointRange:
		+ sharedGeocodeRequester
		- hasMaskedplateGeneratorValidatorVersion
		- maskedplateGeneratorValidatorVersion
		- setHasMaskedplateGeneratorValidatorVersion:
		- setMaskedplateGeneratorValidatorVersion:
		- buildMapEdgeTransitFrom:edgeHandler:
		- findRoadEdgesWithin:of:edgeHandler:completionHandler:
		- findTransitEdgesWithin:of:edgeHandler:completionHandler:
		- initWithMap:edge:
		- initWithMap:roadEdge:
		- roadEdgesWithHandler:
		- initWithMap:transitEdge:
[*] GEOMapEdgeBuilder
		- setEdgeHandler:
		- _findEdgeBehind
		- _buildCompleteEdge
		- _edgeStart:end:connectsTo:
		- _findEdgeAhead
		- _findEdgeAheadInTile:
		- _findEdgeBehindInTile:
		- _findNextEdge
		- _shouldFindEdgeAhead
		- _shouldFindEdgeBehind
		- buildEdge:
		- edgeHandler
[*] GEOMapEdgeConnectionFinder
[*] GEOMapEdgeFinder
		- setEdgeHandler:
		- _checkEdgeForDuplicates:
		- edgeHandler
		- findEdges:
[*] GEOMapEdgeRoadBuilder
		- _buildCompleteEdge
		- _connectionTypeForEdge:points:connectingTilePoint:
		- _findEdgeAheadInTile:
		- _findEdgeBehindInTile:
		- _shouldFindEdgeAhead
		- _shouldFindEdgeBehind
[*] GEOMapEdgeRoadConnectionFinder
		- _findConnectedEdges:incoming:
		- _isRoadEdgeEqual:other:
[*] GEOMapEdgeRoadFinder
		- _checkEdgeForDuplicates:
[*] GEOMapEdgeTransitBuilder
		- _buildCompleteEdge
		- _findEdgeAheadInTile:
		- _findEdgeBehindInTile:
		- _shouldFindEdgeAhead
		- _shouldFindEdgeBehind
[*] GEOMapEdgeTransitConnectionFinder
		- _findConnectedEdges:incoming:
[*] GEOMapEdgeTransitFinder
		- _checkEdgeForDuplicates:
		+ _attributedGeoMapItemsForPlaceDatasWithType:placeDatas:disambiguationLabels:handler:
[*] GEOPDExtendedGeoLookupParameters
[*] GEOPDExtendedGeoLookupResult
[*] GEORoadEdge
		- requirementsMask
[*] GEOSnappedRouteEdge
		- mapEdge
		- mapEdgeOffset
		- edges
		- _calculateEdgeLengthFrom:to:startCoord:endCoord:
		- _debugPrintEdge:
		- forEachEdgeInRoad:visitTwice:visitor:
		- forEachEdgeOnJunction:visitor:
		- hasIsEdgeBSS
		- isEdgeBSS
		- setHasIsEdgeBSS:
		- setIsEdgeBSS:
[*] GVEdge
		- edges
		- setEdges:
		- addEdgeFrom:to:
		- hasEdgeFrom:to:
		- addEdgeFrom:to:reversed:
		- allEdges
		- edgeFrom:to:
		- iterateOverAllEdges:
		- removeEdgeFrom:to:
		- reverseEdge:
		- undoReverseEdge:
		+ drawAllEdges:renderer:
		- removeSelfEdges
		- selfEdges
		- setSelfEdges:
		- undoRemoveSelfEdges
		- removeEdgeFrom:
		- addEdgeFrom:
		- addEdgeTo:
		- hasEdgeFrom:
		- hasEdgeTo:
		- removeEdgeTo:
		+ buttonEvent:buttonMask:options:
		+ lEDEvent:ledMask:number:state:options:
		+ pointerEvent:x:y:z:buttonMask:options:
		+ proximityEvent:detectionMask:options:
		- buttonMask
		- setButtonMask:
		- ledMask
		- digitizerButtonMask
		- digitizerChildEventMask
		- digitizerDidUpdateMask
		- digitizerEventMask
		- digitizerWillUpdateMask
		- pointerButtonMask
		- proximityDetectionMask
		- setDigitizerButtonMask:
		- setDigitizerChildEventMask:
		- setDigitizerDidUpdateMask:
		- setDigitizerEventMask:
		- setDigitizerWillUpdateMask:
		- setLedMask:
		- setPointerButtonMask:
		- setProximityDetectionMask:
		- setTouchSensitiveButtonEventMask:
		- touchSensitiveButtonEventMask
		- clipToMaskCGImage:inRect:
		- setHasIsLowConfidenceKnowledge:
		- deleteIsLowConfidenceKnowledge
		- hasIsLowConfidenceKnowledge
		- isLowConfidenceKnowledge
		- setIsLowConfidenceKnowledge:
		- setAfterPairUserAcknowledgementTimeLimit:
		- capabilityMask
		- serviceMask
		- setServiceMask:
		- setCapabilityMask:
		- updateServiceMask
		- capabilityMask
		- serviceMask
		- setServiceMask:
		- setCapabilityMask:
		- BluetoothHCILESetEventMask:
		- BluetoothHCISetEventMask:
		- BluetoothHCIBroadcomSetEventMask:
		- BroadcomHCILEAddAdvancedMatchingRule:mask:RSSIThreshold:packetType:matchingCapacity:matchingRemaining:
		- BroadcomHCILEAddAdvancedMatchingRuleWithAddress:address:blob:mask:RSSIThreshold:packetType:matchingCapacity:matchingRemaining:
		- BroadcomHCILEAddAdvancedMatchingRuleWithAddressEnhanced:address:blob:mask:RSSIThreshold:packetType:allowDuplicates:matchingCapacity:matchingRemaining:
		- BroadcomHCILERemoveAdvancedMatchingRule:mask:RSSIThreshold:packetType:matchingCapacity:matchingRemaining:
		- BroadcomHCILERemoveAdvancedMatchingRuleWithAddress:address:blob:mask:RSSIThreshold:packetType:matchingCapacity:matchingRemaining:
		- BroadcomHCILERemoveAdvancedMatchingRuleWithAddressEnhanced:address:blob:mask:RSSIThreshold:packetType:allowDuplicates:matchingCapacity:matchingRemaining:
		- _encodeIOGPUKernelSignalEventAgentCommandArgs:value:agentMask:
		- encodeSignalEvent:value:agentMask:
		- expiredGeneration
		- setExpiredGeneration:
		- hintedMaskRect
		- maskWithResource:context:size:scale:
		- maskImageForLayer:size:scale:resourceProvider:
		- computeMaskWithWidth:height:ucharSamplesAndMask:
		- findMaskIndex:
		- isMaskAtIndex:
		- shouldApplyMask
		- setShouldApplyMask:
		- _computeImageWithWidth:height:strict:ucharSamplesAndForegroundMask:ucharTintable:ucharDark:feedback:
		- _computeImageWithWidth:height:ucharSamplesAndForegroundMask:ucharTintable:ucharDark:feedback:
		- shouldApplyMask
		- setShouldApplyMask:
		- mask
		- setMask:
		- shouldApplyMask
		- setShouldApplyMask:
		- shouldApplyMask
		- setShouldApplyMask:
		- maskBadgeResource
		- setMaskBadgeResource:
		- shouldApplyMask
		- setShouldApplyMask:
		- shouldApplyMask
		- setShouldApplyMask:
		- shouldApplyMask
		- setShouldApplyMask:
		- getKnowledgeUUID:andSequenceNumber:
		- bundleClassMask
		- rolesMask
		- setBundleClassMask:
		- setRolesMask:
		- rolesMask
		- setRolesMask:
		- _LSRecord_resolve_keyEquivalentModifierMask
		- keyEquivalentModifierMask
		- keyEquivalentModifierMaskWithContext:tableID:unitID:unitBytes:
		- performIndexJob:protectionClass:acknowledgementHandler:
		- setHasAttnMask:
		- keyMask
		- attnMask
		- hasAttnMask
		- hasKeyMask
		- keyMaskStride
		- setAttnMask:
		- setHasKeyMask:
		- setKeyMask:
		- setKeyMaskStride:
		- mhaMaskSoftmaxFastForwardKernel
		- setMhaMaskSoftmaxForwardKernel:
		- mhaHasAttentionMask
		- mhaHasKeyMask
		- mhaMaskSoftmaxForwardKernel
		- setMhaHasAttentionMask:
		- setMhaHasKeyMask:
		- setMhaMaskSoftmaxFastForwardKernel:
		- hasAttentionMask
		- hasKeyPaddingMask
		- setHasAttentionMask:
		- setHasKeyPaddingMask:
		- e5rtComputeDeviceTypeMask
		- setE5rtComputeDeviceTypeMask:
		- begin_masks
		- end_masks
		- primaryEdgeMode
		- secondaryEdgeMode
		- setPrimaryEdgeMode:
		- setSecondaryEdgeMode:
		- primaryEdgeMode
		- secondaryEdgeMode
		- setPrimaryEdgeMode:
		- setSecondaryEdgeMode:
		- initWithDevice:keepProbability:seed:maskStrideInPixels:
		- initWithDevice:keepProbability:state:maskStrideInPixels:
		- maskStrideInPixels
		- initWithDevice:keepProbability:seed:maskStrideInPixels:
		- maskStrideInPixels
		+ nodeWithSourceGradient:sourceImage:gradientState:keepProbability:seed:maskStrideInPixels:
		- initWithSourceGradient:sourceImage:gradientState:keepProbability:seed:maskStrideInPixels:
		- maskStrideInPixels
		- maskData
		+ nodeWithSource:keepProbability:seed:maskStrideInPixels:
		- initWithSource:keepProbability:seed:maskStrideInPixels:
		- maskStrideInPixels
		- setEdgeMode:
		- edgeMode
		- setEdgeMode:
		- edgeMode
		- edgeModeAtIndex:
		- setEdgeMode:atIndex:
		- GRUWithSourceTensor:recurrentWeight:inputWeight:bias:initState:mask:secondaryBias:descriptor:name:
		- LSTMGradientsWithSourceTensor:recurrentWeight:sourceGradient:zState:cellOutputFwd:stateGradient:cellGradient:inputWeight:bias:initState:initCell:mask:peephole:descriptor:name:
		- GRUGradientsWithSourceTensor:recurrentWeight:sourceGradient:zState:outputFwd:stateGradient:inputWeight:bias:initState:mask:secondaryBias:descriptor:name:
		- LSTMGradientsWithSourceTensor:recurrentWeight:sourceGradient:zState:cellOutputFwd:inputWeight:bias:initState:initCell:mask:descriptor:name:
		- LSTMWithSourceTensor:recurrentWeight:inputWeight:bias:initState:initCell:mask:peephole:descriptor:name:
		- scaledDotProductAttentionWithQueryTensor:keyTensor:valueTensor:maskTensor:scale:name:
		- singleGateRNNGradientsWithSourceTensor:recurrentWeight:sourceGradient:zState:inputWeight:bias:initState:mask:descriptor:name:
		- singleGateRNNGradientsWithSourceTensor:recurrentWeight:sourceGradient:zState:stateGradient:inputWeight:bias:initState:mask:descriptor:name:
		- singleGateRNNWithSourceTensor:recurrentWeight:inputWeight:bias:initState:mask:descriptor:name:
		- sliceGradientTensor:fwdInShapeTensor:starts:ends:strides:startMask:endMask:squeezeMask:name:
		- sliceTensor:starts:ends:strides:startMask:endMask:squeezeMask:name:
		- sliceUpdateDataTensor:updateTensor:starts:ends:strides:startMask:endMask:squeezeMask:name:
		- sliceUpdateDataTensor:updateTensor:startsTensor:endsTensor:stridesTensor:startMask:endMask:squeezeMask:name:
		- initWithGraph:inputTensors:controlDependencies:starts:ends:strides:startMask:endMask:shrinkAxisMask:name:
		- initWithGraph:inputTensors:controlDependencies:starts:ends:strides:startMask:endMask:shrinkAxisMask:name:
		- initWithGraph:inputTensors:controlDependencies:startMask:endMask:shrinkAxisMask:name:
		- maxEdgeTracingIterations
		- setMaxEdgeTracingIterations:
		- edgeThreshold
		- setEdgeThreshold:
		- maskBuffer
		- maskBufferOffset
		- setMaskBuffer:
		- setMaskBufferOffset:
		- primaryEdgeMode
		- secondaryEdgeMode
		- axesMask
		- initWithDevice:axesMask:scale:scalingMode:inverse:
		- setAxesMask:
		- edgeModeAtSourceIndex:
		- setIndexingArithmaticTypeMask:sourceArrays:sourceGradient:destination:tileDimensions:
		- encodeToCommandEncoder:commandBuffer:sourceArrays:destinationArrays:activeDestinationMask:
		- encodeToMPSCommandEncoder:commandBuffer:sourceArrays:destinationArrays:activeDestinationMask:
		- edgeMode
		- initWithDevice:edgeMode:paddingSize:
		- edgeMode
		- initWithDevice:edgeMode:constantValue:paddingSize:
		- setEdgeMode:
		- edgeMode
		+ nodeWithSource:paddingSizeBefore:paddingSizeAfter:edgeMode:
		- initWithSource:paddingSizeBefore:paddingSizeAfter:edgeMode:
		- setEdgeMode:
		- maskBuffer
		- maskBufferOffset
		- setMaskBuffer:
		- setMaskBufferOffset:
		- maskBuffer
		- maskBufferOffset
		- setMaskBuffer:
		- setMaskBufferOffset:
		- rayMaskOperator
		- rayMask
		- renderLayerMask
		- globalRayMask
		- rayMaskBuffer
		- rayMaskBufferOffset
		- rayMaskOptions
		- setGlobalRayMask:
		- setRayMask:
		- setRayMaskBuffer:
		- setRayMaskBufferOffset:
		- setRayMaskOperator:
		- setRayMaskOptions:
		- setRenderLayerMask:
		- setShapeDataMaskOffset:
		- shapeDataMaskOffset
		- setEdgeMode:
		- edgeMode
		- maskBuffer
		- maskBufferOffset
		- setMaskBuffer:
		- setMaskBufferOffset:
		- setConstantSamplerDescriptorsFromBitmasks:count:
		- setConstantSamplerDescriptorsFromBitmasks:stride:count:
		- attachmentWriteMask
		- clearRenderEncoder:writeMask:withCheckerboard:
		- activeThreadgroupMask
		- bufferAccessMask
		- mergeAttachmentWriteMask:
		- attachmentWriteMask
		- attachmentWriteMask
		- expiredGeneration
		- setExpiredGeneration:
		- supportsMirrorClampToEdgeSamplerMode
		- familySupportsMirrorClampToEdgeSamplerMode
		- hashMask
		- writeSerializedGeometryPrimitiveCountWithEncoder:BVHBuffer:BVHBufferOffset:toBuffer:countBufferOffset:
		- writeSerializedGeometrySizeWithEncoder:BVHBuffer:BVHBufferOffset:toBuffer:sizeBufferOffset:
		- writeSerializedGeometryWithEncoder:BVHBuffer:BVHBufferOffset:toBuffer:geometryBufferOffset:
		- clipDistanceEnableMask
		- fragmentDepthCompareClampMask
		- sampleMask
		- setClipDistanceEnableMask:
		- setFragmentDepthCompareClampMask:
		- setSampleMask:
		- setWriteMask:
		- writeMask
		- setVertexDepthCompareClampMask:
		- clipDistanceEnableMask
		- fragmentDepthCompareClampMask
		- sampleMask
		- setClipDistanceEnableMask:
		- setFragmentDepthCompareClampMask:
		- setSampleMask:
		- vertexDepthCompareClampMask
		- setConstantSamplerDescriptorsFromBitmasks:count:
		- setConstantSamplerDescriptorsFromBitmasks:stride:count:
		- readMask
		- setReadMask:
		- setWriteMask:
		- writeMask
		- encodeSignalEvent:value:agentMask:
		- latestSupportedGenericBVHVersion
		- supportsMirrorClampToEdgeSamplerMode
		- expiredGeneration
		- setExpiredGeneration:
		- deleteUnacknowledgedPingCount
		- hasUnacknowledgedPingCount
		- setHasUnacknowledgedPingCount:
		- setUnacknowledgedPingCount:
		- unacknowledgedPingCount
[*] NLXSchemaCDMUserAcknowledged
		- acknowledged
		- setAcknowledged:
		- hasAcknowledged
		- deleteAcknowledged
		- setHasAcknowledged:
		- keyEquivalentModifierMask
		- setKeyEquivalentModifierMask:
		+ inputEventMask
		- _copyMaskShapeInRect:options:
		+ styleForBackgroundStyle:semanticContext:windowStyleMask:referenceWidget:
		- _launchTaskMask
		- _gestureEventMask
		- _isSuppressGestureSubMaskChangesEnabled
		- _nextEventMatchingEventMask:untilDate:inMode:dequeue:
		- _setGestureEventMask:
		- _setLaunchTaskMaskBits:
		- _setSuppressGestureSubMaskChangesEnabled:
		- discardEventsMatchingMask:beforeEvent:
		- gestureEventMask
		- nextEventMatchingMask:untilDate:inMode:dequeue:
		- setGestureEventMask:
		- _ruleForView:comparedToContainer:withEdge:
		- _ruleForView:comparedToView:withEdge:
		- _arrangeObjectsWithSelectedObjects:avoidsEmptySelection:operationsMask:useBasis:
		- _didChangeArrangementCriteriaWithOperationsMask:useBasis:
		+ frameViewClassForStyleMask:
[*] NSAutoresizingMaskLayoutConstraint
		+ constraintsWithAutoresizingMask:subitem:frame:superitem:bounds:
		- _viewForAutoresizingMask
		- _aggregateWidthOfItems:sharesLeadingEdge:sharesTrailingEdge:widthMeasurement:
		- _calculateLayoutOfItems:inRect:sharesLeadingEdge:sharesTrailingEdge:
		- _compressedMinWidthOfItems:sharesLeadingEdge:sharesTrailingEdge:
		- _contentClippingWidthOfItems:sharesLeadingEdge:sharesTrailingEdge:
		- _isOverflowRequiredForItems:availableWidth:sharesLeadingEdge:sharesTrailingEdge:
		- _leadingInsetOfItems:sharesLeadingEdge:
		- _maxWidthOfItems:sharesLeadingEdge:sharesTrailingEdge:containsFlexibleSpaceItems:
		- _maxWidthOfItems:sharesLeadingEdge:sharesTrailingEdge:containsFlexibleSpaceItems:constrainsSearchItems:
		- _minWidthOfItems:sharesLeadingEdge:sharesTrailingEdge:
		- _principleRectGivenItems:remainingLeadingWidth:remainingTrailingWidth:totalWidth:sharesLeadingEdge:sharesTrailingEdge:requiresTrueCenterLayout:
		- _trailingInsetOfItems:sharesTrailingEdge:
		- _bindingAdaptorMethodsNeededMask
		- _isAnyBindingInMaskBound:
		- _maskDrawOptions
		- _updateMaskIfNeeded
		- masksContentView
		- setMasksContentView:
		- _alignFirstVisibleColumnToDocumentViewEdge:
		- _scrollLastColumnTrailingEdgeToVisible
		- draggingSourceOperationMaskForLocal:
		- setDraggingSourceOperationMask:forLocal:
		- _bindingAdaptorMethodsNeededMask
		- draggingSourceOperationMaskForLocal:
		- keyEquivalentModifierMask
		- setKeyEquivalentModifierMask:
		- checkboxOrRadioCUIOptionsMaskOnly:
		- checkboxOrRadioCUIOptionsWithMaskOnly:
		- drawFocusRingMaskWithFrame:
		- setTranslatesAutoresizingMaskIntoConstraints:
		- keyEquivalentModifierMask
		- _canUseFocusRingMaskForText
		- _focusRingMaskDependsOnTogglableContent
		- _wantsToUseFocusRingMask
		- drawFocusRingMaskWithFrame:inView:
		- focusRingMaskBoundsForFrame:inView:
		- sendActionOnMask
		- setKeyEquivalentModifierMask:
		- cornerMask
		- setCornerMask:
		- setTags:mask:
[*] NSCGSWindowCornerImageMask
		- initWithImage:scale:center:hasTrivialEdges:clipsWindowContents:definesShadowShape:
[*] NSCGSWindowCornerMask
[*] NSCGSWindowCornerPathMask
[*] NSCGSWindowCornerRadiusMask
		- _carbonApplyImage:forItem:forCarbonIndex:withApplicationMask:
		- _carbonApplyImages:highlightedImage:forItem:forCarbonIndex:withApplicationMask:
		- _menuItem:atIndex:didChangeKeyEquivalentModifierMaskFrom:to:
		- _popUpMenuRelativeToRect:inView:preferredEdge:
		+ frameViewClassForStyleMask:
		- _setEventMask:
		- initWithContentRect:styleMask:backing:defer:
		- setStyleMask:
		+ contentRectForFrameRect:styleMask:
		+ frameRectForContentRect:styleMask:
		+ minFrameSizeForMinContentSize:styleMask:
		- contentRectForFrameRect:styleMask:
		- frameRectForContentRect:styleMask:
		- initWithFrame:styleMask:owner:
		- minFrameSizeForMinContentSize:styleMask:
		- setStyleMask:
		- styleMask
		- drawFocusRingMaskWithFrame:inView:
		- focusRingMaskBoundsForFrame:inView:
		- sendActionOnMask
		- _acceptedEventMask
		- buttonMask
		- setButtonMask:
		- _edgesPropagatingSafeAreaInsetsToSubviews
		- _effectiveAutoresizingMask
		- _menuItem:atIndex:didChangeKeyEquivalentModifierMaskFrom:to:
		- _popUpMenuRelativeToRect:inView:preferredEdge:
		+ layoutAnchorWithEdges:
		+ layoutAnchorWithEdges:absoluteOffset:
		+ layoutAnchorWithEdges:fractionalOffset:
		- edges
		- initWithEdges:offset:anchorPoint:offsetIsUnitOffset:
		- setEdges:
[*] NSCollectionLayoutEdgeSpacing
		- spacingForEdge:
		- edgeOutsets
		- isSpacingFlexibleForEdge:
		- _spacingForEdge:
		- isSpacingFixedForEdge:
		- initWithSize:subitems:count:interItemSpacing:contentInsets:edgeSpacing:layoutDirection:supplementaryItems:visualFormats:itemsProvider:visualFormatItemProvider:customGroupItemProvider:options:name:identifier:
		- initWithSize:subitems:count:interItemSpacing:contentInsets:edgeSpacing:layoutDirection:supplementaryItems:customGroupItemProvider:name:identifier:
		- setEdgeSpacing:
		- edgeSpacing
		- initWithSize:contentInsets:edgeSpacing:supplementaryItems:decorationItems:name:identifier:
		- _fixAutoresizingMaskForCollectionViewLayout
		- draggingSession:sourceOperationMaskForDraggingContext:
		- draggingSourceOperationMaskForLocal:
		- setAutoresizingMask:
		- setDraggingSourceOperationMask:forLocal:
		- _bindingAdaptorMethodsNeededMask
		- setEdgesForSafeAreaPropagation:
		- _edgesForSafeAreaPropagationToDescendants
		- edgesForSafeAreaPropagation
		- _layoutOffsetEdges
		- _setLayoutOffsetEdges:
		+ draggingSourceOperationMaskForLocal:
		+ setPickerMask:
		- _unpinViews:resizeMasks:
		- colorMask
		- initWithContentRect:styleMask:backing:defer:
		- setColorMask:
		- drawFocusRingMask
		- focusRingMaskBounds
		- initWithPickerMask:colorPanel:
		- initWithPickerMask:colorPanel:
		- initWithPickerMask:colorPanel:
		- initWithPickerMask:colorPanel:
		- initWithPickerMask:colorPanel:
		- initWithPickerMask:colorPanel:
		+ _invertedGenericGrayColorSpace
		+ extendedGenericGamma22GrayColorSpace
		- _coreUIInnerBorderDrawOptionsMasked:
		- drawFocusRingMask
		- focusRingMaskBounds
		- drawFocusRingMaskWithFrame:inView:
		- setStyleMask:
		- eventMask
		- setEventMask:
[*] NSContentMaskingView
		- contentMaskEquivalencePriority
		- maskView
		- setContentMaskEquivalencePriority:
		- setMaskView:
		- _paddingOnEdge:
		- _menuItem:atIndex:didChangeKeyEquivalentModifierMaskFrom:to:
		- drawFocusRingMask
		- focusRingMaskBounds
		- sendActionOnMask
		- _bindingAdaptorMethodsNeededMask
		- searchableIndex:reindexAllSearchableItemsWithAcknowledgementHandler:
		- searchableIndex:reindexSearchableItemsWithIdentifiers:acknowledgementHandler:
		- _maskImageWithSize:
		- initWithContentRect:styleMask:backing:defer:
		- initWithContentRect:styleMask:backing:defer:
		- setStyleMask:
		- styleMask
		- drawFocusRingMaskWithFrame:inView:
		- focusRingMaskBoundsForFrame:inView:
		- _bindingAdaptorMethodsNeededMask
		- draggingSession:sourceOperationMaskForDraggingContext:
		- draggingSourceOperationMaskForLocal:
		- _bindingAdaptorMethodsNeededMask
		- draggingSourceOperationMask
		- discardEventMask
		- setDiscardEventMask:
		- _setDrawerEdge:
		- _doAutoselectEdge
		- _edge
		- _initWithContentSize:preferredEdge:
		- edge
		- initWithContentSize:preferredEdge:
		- openOnEdge:
		- preferredEdge
		- setPreferredEdge:
		- _bindingAdaptorMethodsNeededMask
		+ contentRectForFrameRect:styleMask:
		+ frameRectForContentRect:styleMask:
		+ minContentSizeForMinFrameSize:styleMask:
		+ minFrameSizeForMinContentSize:styleMask:
		+ minFrameWidthWithTitle:styleMask:
		- initWithFrame:styleMask:owner:
		- registerForEdgeChanges:
		- setEdge:
		+ frameViewClassForStyleMask:
		- initWithContentRect:styleMask:backing:defer:drawer:
		- checkedIndicationsMatchingMask:
		+ _delayedEventMatchingMask:pull:
		+ _addConcurrentEventMonitorMatchingMask:identifier:handler:
		+ _discardEventsMatchingMask:beforeTime:inQueue:
		+ _discardEventsWithMask:eventTime:
		+ _resetDiscardMask
		+ addGlobalMonitorForEventsMatchingMask:handler:
		+ addLocalMonitorForEventsMatchingMask:handler:
		+ addLocalMonitorForEventsMatchingMask:placement:handler:
		- _matchesKeyEquivalent:modifierMask:
		- associatedEventsMask
		- buttonMask
		- capabilityMask
		- eventMask
		- initWithMode:andEventMask:
		+ draggingSourceOperationMaskForLocal:
		- draggingSession:sourceOperationMaskForDraggingContext:
		- draggingSourceOperationMaskForLocal:
		+ _supportedGenerationalStorageClientIDs
		- fontDescriptorWithSymbolicTraits:mask:
		- draggingSourceOperationMaskForTableView:
		- initWithContentRect:styleMask:backing:defer:
		- draggingSourceOperationMaskForLocal:
		+ _defaultTitleFontForWindowWithStyleMask:
		+ _validateStyleMask:
		+ contentRectForFrameRect:styleMask:
		+ frameRectForContentRect:styleMask:
		+ initTitleCell:styleMask:
		+ minContentSizeForMinFrameSize:styleMask:
		+ minFrameSizeForMinContentSize:styleMask:
		+ minFrameWidthWithTitle:styleMask:
		- _edgeResizingTrackingAreas
		- contentRectForFrameRect:styleMask:
		- frameRectForContentRect:styleMask:
		- initWithFrame:styleMask:owner:
		- minFrameSizeForMinContentSize:styleMask:
		- setStyleMask:
		- styleMask
		- _acceptedEventMask
		- _clearReferencesToRelatedGesture:
		- _orderOutHelpWindowAfterEventMask:
		- _hasTrivialEdges
		- _setHasTrivialEdges:
		- drawFocusRingMaskWithFrame:inView:
		- focusRingMaskBoundsForFrame:inView:
		- _acceptedEventMask
		+ filterInputEventMask
		+ inputEventMask
		- initWithKey:mask:binding:
[*] NSKeyValueUndefinedGetter
		+ localizedShortcutWithKeyEquivalent:modifierMask:withAttributes:
		+ shortcutWithKeyEquivalent:modifierMask:
		- initWithKeyEquivalent:modifierMask:
		- localizedModifierMaskDisplayName
		- modifierMask
		+ _constraintsMatchingFrameOfView:withFrameOfView:edgeInsets:
		+ _constraintsMatchingFrameOfView:withFrameOfView:edgeInsets:priority:
		- nsli_autoresizingMask
		- textContainerChangedGeometry:
		- layoutRectBySlicingWithProportion:fromEdge:
		- layoutRectBySlicingWithDimension:fromEdge:
		- layoutRectBySlicingWithDistance:fromEdge:
		- rectangleBySlicingWithDimension:fromEdge:
		- rectangleBySlicingWithDistance:fromEdge:
		- rectangleBySlicingWithProportion:fromEdge:
		- initWithPickerMask:colorPanel:
		- initWithPickerMask:colorPanel:bundleURL:architecture:
		- drawFocusRingMaskWithFrame:inView:
		- focusRingMaskBoundsForFrame:inView:
		- setEndEdgeMode:
		- endEdgeMode
		- setStartEdgeMode:
		- startEdgeMode
		- initWithContentRect:styleMask:backing:defer:
		- setStyleMask:
		- buttonMask
		- setButtonMask:
		+ _transientPropertiesChangesMask__
		- _keyEquivalentModifierMask:matchesModifierFlags:
		- drawFocusRingMask
		- focusRingMaskBounds
		+ maskForMediaTypeEnum:
		+ mediaTypeEnumForMask:
		- _hasPaddingOnEdge:
		- _menuItem:didChangeKeyEquivalentModifierMaskFrom:to:
		- _popUpMenuRelativeToRect:inView:preferredEdge:
		- _setHasPadding:onEdge:
		- recordKeyboardShortcutEvent:withKeyEquivalent:modifierMask:title:
		+ frameViewClassForStyleMask:
		- setAutorecalculatesContentBorderThickness:forEdge:
		- preferredEdge
		- setPreferredEdge:
		- keyEquivalentModifierMask
		- _applicableKeyEquivalentModifierMask
		- _desiredKeyEquivalentModifierMask:
		- _keyboardAwareEquivalentModifierMask
		- _rawKeyEquivalentModifierMask
		- _setKeyboardAwareEquivalentModifierMask:
		- setKeyEquivalentModifierMask:
		- userKeyEquivalentModifierMask
		- maskImage
		- setMaskImage:
		- initWithContentRect:styleMask:backing:defer:
		- eventMask
		- setEventMask:
		- setTrackingConstraintKeyMask:
		- trackingConstraintKeyMask
		- initWithContentRect:styleMask:backing:defer:
		- setDraggingSourceOperationMask:
		- draggingSourceOperationMask
		- ak_addFeatureMaskHeader
		+ _validateStyleMask:
		+ contentRectForFrameRect:styleMask:
		+ frameRectForContentRect:styleMask:
		+ minContentSizeForMinFrameSize:styleMask:
		+ minFrameSizeForMinContentSize:styleMask:
		+ minFrameWidthWithTitle:styleMask:
		- _edgeResizingTrackingAreas
		- contentRectForFrameRect:styleMask:
		- frameRectForContentRect:styleMask:
		- initWithFrame:styleMask:owner:
		- minFrameSizeForMinContentSize:styleMask:
		- setStyleMask:
		- styleMask
		- dequeueNotificationsMatching:coalesceMask:
		- enqueueNotification:postingStyle:coalesceMask:forModes:
		- keyValueBindingForKey:typeMask:
		- createKeyValueBindingForKey:typeMask:
		- copyAttributesFromContext:withMask:
		- copyCGLPixelFormatForDisplayMask:
		- openGLPixelFormatForDisplayMask:
		- initWithContentRect:styleMask:backing:defer:
		- styleMaskForHostWindow
		- _lazyRowEntryForItem:requiredRowEntryLoadMask:
		- _rowEntryForChild:ofParent:requiredRowEntryLoadMask:
		- _rowEntryForItem:requiredRowEntryLoadMask:
		- _rowEntryForRow:requiredRowEntryLoadMask:
		- _setNeedsDisplayForDropCandidateItem:childIndex:mask:
		- _updateDropFeedbackFromPriorItem:childIndex:mask:
		- _bindingAdaptorMethodsNeededMask
		- _setShouldDrawEdgeShadow:
		- _shouldDrawEdgeShadow
		+ _umask
		- _acceptedEventMask
		- buttonMask
		- setButtonMask:
		+ _validateStyleMask:
		- _initContent:styleMask:backing:defer:contentView:
		- _initContent:styleMask:backing:defer:counterpart:
		- initWithContentRect:styleMask:backing:defer:
		- initWithContentRect:styleMask:backing:defer:
		- _wantsToUseFocusRingMask
		- borderColorForEdge:
		- drawFocusRingMaskWithFrame:inView:
		- focusRingMaskBoundsForFrame:inView:
		- setBorderColor:forEdge:
		- draggingSourceOperationMaskForLocal:
		- setDraggingSourceOperationMask:forLocal:
		- preferredEdge
		- setPreferredEdge:
		- _drawCircumscribedFocusRingMaskWithFrame:
		- drawFocusRingMaskWithFrame:
		- _positionsMenuRelativeToRightEdge
		- focusRingMaskBoundsForFrame:inView:
		- preferredEdge
		- setPreferredEdge:
		- _beginPredeepAnimationRelativeToRect:ofView:preferredEdge:
		- _currentFrameOnScreenWithContentSize:outAnchorEdge:
		- _externalRectEdgeToInternalAnchorEdge:ofView:
		- _repositionRelativeToRect:ofView:preferredEdge:
		- anchorEdge
		- setAnchorEdge:
		- showRelativeToRect:ofView:preferredEdge:
		- preferredEdge
		- setPreferredEdge:
		- _colorSwatchEdgeInsets
		+ contentRectForFrameRect:styleMask:
		+ frameRectForContentRect:styleMask:
		+ minFrameSizeForMinContentSize:styleMask:
		- _clearFrameMask
		- _adjustedForBoundsAnchorPoint:anchorEdge:
		- _copyFrameMaskPathInRect:
		- _coreUIOptionsWithAnchorEdge:anchorPoint:anchorSize:shouldInsetForAnchor:areasOfInterest:
		- _cornerMask
		- _maskImage
		- _newMinimalAppearancePathInBounds:anchorEdge:anchorPoint:topCapOnly:arrowOffset:
		- _newMinimalAppearancePathInBounds:anchorEdge:arrowPosition:topCapOnly:arrowOffset:
		- anchorEdge
		- contentRectForFrameRect:styleMask:
		- effectiveAnchorEdge
		- frameRectForContentRect:styleMask:
		- initWithFrame:styleMask:owner:
		- setAnchorEdge:
		- setUsesLayerMasking:
		- styleMask
		- usesLayerMasking
		+ frameViewClassForStyleMask:
		- frameRectForContentRect:styleMask:
		- _acceptedEventMask
		- buttonMask
		- setButtonMask:
		- setEventMask:
		- targetRequestedWindowStyleMask:reply:
		+ windowWithFrame:styleMask:
